Flutter crash report.
Please report a bug at https://github.com/flutter/flutter/issues.

## command

flutter pub add audio_service

## exception

FileSystemException: FileSystemException: Deletion failed, path = 'C:\Users\Ciro\AndroidStudioProjects\training_timer\.android' (OS Error: A pasta não está vazia.
, errno = 145)

```
#0      _Directory._deleteSync (dart:io/directory_impl.dart:193:7)
#1      FileSystemEntity.deleteSync (dart:io/file_system_entity.dart:424:7)
#2      ForwardingFileSystemEntity.deleteSync (package:file/src/forwarding/forwarding_file_system_entity.dart:70:16)
#3      ErrorHandlingDirectory.deleteSync.<anonymous closure> (package:flutter_tools/src/base/error_handling_io.dart:481:22)
#4      _runSync (package:flutter_tools/src/base/error_handling_io.dart:590:14)
#5      ErrorHandlingDirectory.deleteSync (package:flutter_tools/src/base/error_handling_io.dart:480:12)
#6      ErrorHandlingFileSystem.deleteIfExists (package:flutter_tools/src/base/error_handling_io.dart:80:12)
#7      AndroidProject._regenerateLibrary (package:flutter_tools/src/project.dart:671:29)
#8      AndroidProject.ensureReadyForPlatformSpecificTooling (package:flutter_tools/src/project.dart:646:13)
#9      FlutterProject.ensureReadyForPlatformSpecificTooling (package:flutter_tools/src/project.dart:357:21)
<asynchronous suspension>
#10     PackagesGetCommand.runCommand (package:flutter_tools/src/commands/packages.dart:326:7)
<asynchronous suspension>
#11     FlutterCommand.run.<anonymous closure> (package:flutter_tools/src/runner/flutter_command.dart:1294:27)
<asynchronous suspension>
#12     AppContext.run.<anonymous closure> (package:flutter_tools/src/base/context.dart:150:19)
<asynchronous suspension>
#13     CommandRunner.runCommand (package:args/command_runner.dart:212:13)
<asynchronous suspension>
#14     FlutterCommandRunner.runCommand.<anonymous closure> (package:flutter_tools/src/runner/flutter_command_runner.dart:296:9)
<asynchronous suspension>
#15     AppContext.run.<anonymous closure> (package:flutter_tools/src/base/context.dart:150:19)
<asynchronous suspension>
#16     FlutterCommandRunner.runCommand (package:flutter_tools/src/runner/flutter_command_runner.dart:244:5)
<asynchronous suspension>
#17     run.<anonymous closure>.<anonymous closure> (package:flutter_tools/runner.dart:91:9)
<asynchronous suspension>
#18     AppContext.run.<anonymous closure> (package:flutter_tools/src/base/context.dart:150:19)
<asynchronous suspension>
#19     main (package:flutter_tools/executable.dart:91:3)
<asynchronous suspension>
```

## flutter doctor

```
[32m[✓][39m Flutter (Channel master, 3.10.0-18.0.pre.27, on Microsoft Windows [versÆo 10.0.19045.3208], locale pt-BR)
    [32m•[39m Flutter version 3.10.0-18.0.pre.27 on channel master at C:\flutter
    [32m•[39m Upstream repository https://github.com/flutter/flutter.git
    [32m•[39m Framework revision fed8cc4a28 (3 months ago), 2023-05-01 08:23:33 -0400
    [32m•[39m Engine revision 605528f293
    [32m•[39m Dart version 3.1.0 (build 3.1.0-56.0.dev)
    [32m•[39m DevTools version 2.23.1

[32m[✓][39m Windows Version (Installed version of Windows is version 10 or higher)

[32m[✓][39m Android toolchain - develop for Android devices (Android SDK version 32.1.0-rc1)
    [32m•[39m Android SDK at C:\Users\Ciro\AppData\Local\Android\sdk
    [32m•[39m Platform android-33, build-tools 32.1.0-rc1
    [32m•[39m Java binary at: C:\Program Files\Android\Android Studio\jre\bin\java
    [32m•[39m Java version OpenJDK Runtime Environment (build 11.0.12+7-b1504.28-7817840)
    [32m•[39m All Android licenses accepted.

[32m[✓][39m Chrome - develop for the web
    [32m•[39m Chrome at C:\Program Files\Google\Chrome\Application\chrome.exe

[31m[✗][39m Visual Studio - develop for Windows
    [31m✗[39m Visual Studio not installed; this is necessary for Windows development.
      Download at https://visualstudio.microsoft.com/downloads/.
      Please install the "Desktop development with C++" workload, including all of its default components

[32m[✓][39m Android Studio (version 2021.2)
    [32m•[39m Android Studio at C:\Program Files\Android\Android Studio
    [32m•[39m Flutter plugin can be installed from:
      🔨 https://plugins.jetbrains.com/plugin/9212-flutter
    [32m•[39m Dart plugin can be installed from:
      🔨 https://plugins.jetbrains.com/plugin/6351-dart
    [32m•[39m Java version OpenJDK Runtime Environment (build 11.0.12+7-b1504.28-7817840)

[32m[✓][39m IntelliJ IDEA Community Edition (version 2021.3)
    [32m•[39m IntelliJ at C:\Program Files\JetBrains\IntelliJ IDEA Community Edition 2021.3.2
    [32m•[39m Flutter plugin version 70.1.3
    [32m•[39m Dart plugin version 213.7433

[32m[✓][39m VS Code (version 1.80.2)
    [32m•[39m VS Code at C:\Users\Ciro\AppData\Local\Programs\Microsoft VS Code
    [32m•[39m Flutter extension version 3.68.0

[32m[✓][39m Connected device (4 available)
    [32m•[39m sdk gphone x86 (mobile) • emulator-5554 • android-x86    • Android 11 (API 30) (emulator)
    [32m•[39m Windows (desktop)       • windows       • windows-x64    • Microsoft Windows [versÆo 10.0.19045.3208]
    [32m•[39m Chrome (web)            • chrome        • web-javascript • Google Chrome 112.0.5615.138
    [32m•[39m Edge (web)              • edge          • web-javascript • Microsoft Edge 114.0.1823.67

[32m[✓][39m Network resources
    [32m•[39m All expected network resources are available.

[33m![39m Doctor found issues in 1 category.
```
